<?xml version="1.0" encoding="UTF-8"?>
<!-- Generated by org.testng.reporters.JUnitReportReporter -->
<testsuite name="lcs.CopyCars" tests="1" time="4.095" ignored="0" failures="0" timestamp="28 Feb 2017 20:59:47 GMT" skipped="0" hostname="Galinas-MacBook-Air.local" errors="0">
  <testcase name="copyCars" time="4.095" classname="lcs.CopyCars"/>
</testsuite> <!-- lcs.CopyCars -->
