<?xml version="1.0" encoding="UTF-8"?>
<!-- Generated by org.testng.reporters.JUnitReportReporter -->
<testsuite name="lcs.CourseCgidDate" tests="173" time="0.490" ignored="0" failures="0" timestamp="21 Feb 2017 19:09:58 GMT" skipped="0" hostname="Galinas-MacBook-Air.local" errors="0">
  <testcase name="test" time="0.001" classname="lcs.CourseCgidDate"/>
  <testcase name="test" time="0.013" classname="lcs.CourseCgidDate"/>
  <testcase name="test" time="0.000" classname="lcs.CourseCgidDate"/>
  <testcase name="test" time="0.005" classname="lcs.CourseCgidDate"/>
  <testcase name="test" time="0.000" classname="lcs.CourseCgidDate"/>
  <testcase name="test" time="0.001" classname="lcs.CourseCgidDate"/>
  <testcase name="test" time="0.004" classname="lcs.CourseCgidDate"/>
  <testcase name="test" time="0.000" classname="lcs.CourseCgidDate"/>
  <testcase name="test" time="0.000" classname="lcs.CourseCgidDate"/>
  <testcase name="test" time="0.001" classname="lcs.CourseCgidDate"/>
  <testcase name="test" time="0.002" classname="lcs.CourseCgidDate"/>
  <testcase name="test" time="0.001" classname="lcs.CourseCgidDate"/>
  <testcase name="test" time="0.001" classname="lcs.CourseCgidDate"/>
  <testcase name="test" time="0.002" classname="lcs.CourseCgidDate"/>
  <testcase name="test" time="0.001" classname="lcs.CourseCgidDate"/>
  <testcase name="test" time="0.001" classname="lcs.CourseCgidDate"/>
  <testcase name="test" time="0.001" classname="lcs.CourseCgidDate"/>
  <testcase name="test" time="0.002" classname="lcs.CourseCgidDate"/>
  <testcase name="test" time="0.002" classname="lcs.CourseCgidDate"/>
  <testcase name="test" time="0.001" classname="lcs.CourseCgidDate"/>
  <testcase name="test" time="0.000" classname="lcs.CourseCgidDate"/>
  <testcase name="test" time="0.001" classname="lcs.CourseCgidDate"/>
  <testcase name="test" time="0.002" classname="lcs.CourseCgidDate"/>
  <testcase name="test" time="0.001" classname="lcs.CourseCgidDate"/>
  <testcase name="test" time="0.003" classname="lcs.CourseCgidDate"/>
  <testcase name="test" time="0.001" classname="lcs.CourseCgidDate"/>
  <testcase name="test" time="0.000" classname="lcs.CourseCgidDate"/>
  <testcase name="test" time="0.004" classname="lcs.CourseCgidDate"/>
  <testcase name="test" time="0.000" classname="lcs.CourseCgidDate"/>
  <testcase name="test" time="0.001" classname="lcs.CourseCgidDate"/>
  <testcase name="test" time="0.001" classname="lcs.CourseCgidDate"/>
  <testcase name="test" time="0.001" classname="lcs.CourseCgidDate"/>
  <testcase name="test" time="0.009" classname="lcs.CourseCgidDate"/>
  <testcase name="test" time="0.001" classname="lcs.CourseCgidDate"/>
  <testcase name="test" time="0.001" classname="lcs.CourseCgidDate"/>
  <testcase name="test" time="0.001" classname="lcs.CourseCgidDate"/>
  <testcase name="test" time="0.001" classname="lcs.CourseCgidDate"/>
  <testcase name="test" time="0.003" classname="lcs.CourseCgidDate"/>
  <testcase name="test" time="0.000" classname="lcs.CourseCgidDate"/>
  <testcase name="test" time="0.005" classname="lcs.CourseCgidDate"/>
  <testcase name="test" time="0.004" classname="lcs.CourseCgidDate"/>
  <testcase name="test" time="0.000" classname="lcs.CourseCgidDate"/>
  <testcase name="test" time="0.001" classname="lcs.CourseCgidDate"/>
  <testcase name="test" time="0.001" classname="lcs.CourseCgidDate"/>
  <testcase name="test" time="0.000" classname="lcs.CourseCgidDate"/>
  <testcase name="test" time="0.002" classname="lcs.CourseCgidDate"/>
  <testcase name="test" time="0.000" classname="lcs.CourseCgidDate"/>
  <testcase name="test" time="0.002" classname="lcs.CourseCgidDate"/>
  <testcase name="test" time="0.001" classname="lcs.CourseCgidDate"/>
  <testcase name="test" time="0.001" classname="lcs.CourseCgidDate"/>
  <testcase name="test" time="0.001" classname="lcs.CourseCgidDate"/>
  <testcase name="test" time="0.000" classname="lcs.CourseCgidDate"/>
  <testcase name="test" time="0.005" classname="lcs.CourseCgidDate"/>
  <testcase name="test" time="0.016" classname="lcs.CourseCgidDate"/>
  <testcase name="test" time="0.001" classname="lcs.CourseCgidDate"/>
  <testcase name="test" time="0.000" classname="lcs.CourseCgidDate"/>
  <testcase name="test" time="0.001" classname="lcs.CourseCgidDate"/>
  <testcase name="test" time="0.001" classname="lcs.CourseCgidDate"/>
  <testcase name="test" time="0.001" classname="lcs.CourseCgidDate"/>
  <testcase name="test" time="0.001" classname="lcs.CourseCgidDate"/>
  <testcase name="test" time="0.001" classname="lcs.CourseCgidDate"/>
  <testcase name="test" time="0.001" classname="lcs.CourseCgidDate"/>
  <testcase name="test" time="0.001" classname="lcs.CourseCgidDate"/>
  <testcase name="test" time="0.001" classname="lcs.CourseCgidDate"/>
  <testcase name="test" time="0.013" classname="lcs.CourseCgidDate"/>
  <testcase name="test" time="0.000" classname="lcs.CourseCgidDate"/>
  <testcase name="test" time="0.001" classname="lcs.CourseCgidDate"/>
  <testcase name="test" time="0.000" classname="lcs.CourseCgidDate"/>
  <testcase name="test" time="0.000" classname="lcs.CourseCgidDate"/>
  <testcase name="test" time="0.001" classname="lcs.CourseCgidDate"/>
  <testcase name="test" time="0.001" classname="lcs.CourseCgidDate"/>
  <testcase name="test" time="0.000" classname="lcs.CourseCgidDate"/>
  <testcase name="test" time="0.001" classname="lcs.CourseCgidDate"/>
  <testcase name="test" time="0.000" classname="lcs.CourseCgidDate"/>
  <testcase name="test" time="0.031" classname="lcs.CourseCgidDate"/>
  <testcase name="test" time="0.000" classname="lcs.CourseCgidDate"/>
  <testcase name="test" time="0.001" classname="lcs.CourseCgidDate"/>
  <testcase name="test" time="0.001" classname="lcs.CourseCgidDate"/>
  <testcase name="test" time="0.001" classname="lcs.CourseCgidDate"/>
  <testcase name="test" time="0.001" classname="lcs.CourseCgidDate"/>
  <testcase name="test" time="0.001" classname="lcs.CourseCgidDate"/>
  <testcase name="test" time="0.001" classname="lcs.CourseCgidDate"/>
  <testcase name="test" time="0.005" classname="lcs.CourseCgidDate"/>
  <testcase name="test" time="0.001" classname="lcs.CourseCgidDate"/>
  <testcase name="test" time="0.001" classname="lcs.CourseCgidDate"/>
  <testcase name="test" time="0.001" classname="lcs.CourseCgidDate"/>
  <testcase name="test" time="0.001" classname="lcs.CourseCgidDate"/>
  <testcase name="test" time="0.004" classname="lcs.CourseCgidDate"/>
  <testcase name="test" time="0.001" classname="lcs.CourseCgidDate"/>
  <testcase name="test" time="0.000" classname="lcs.CourseCgidDate"/>
  <testcase name="test" time="0.118" classname="lcs.CourseCgidDate"/>
  <testcase name="test" time="0.000" classname="lcs.CourseCgidDate"/>
  <testcase name="test" time="0.000" classname="lcs.CourseCgidDate"/>
  <testcase name="test" time="0.001" classname="lcs.CourseCgidDate"/>
  <testcase name="test" time="0.000" classname="lcs.CourseCgidDate"/>
  <testcase name="test" time="0.001" classname="lcs.CourseCgidDate"/>
  <testcase name="test" time="0.001" classname="lcs.CourseCgidDate"/>
  <testcase name="test" time="0.002" classname="lcs.CourseCgidDate"/>
  <testcase name="test" time="0.001" classname="lcs.CourseCgidDate"/>
  <testcase name="test" time="0.001" classname="lcs.CourseCgidDate"/>
  <testcase name="test" time="0.002" classname="lcs.CourseCgidDate"/>
  <testcase name="test" time="0.001" classname="lcs.CourseCgidDate"/>
  <testcase name="test" time="0.001" classname="lcs.CourseCgidDate"/>
  <testcase name="test" time="0.001" classname="lcs.CourseCgidDate"/>
  <testcase name="test" time="0.001" classname="lcs.CourseCgidDate"/>
  <testcase name="test" time="0.001" classname="lcs.CourseCgidDate"/>
  <testcase name="test" time="0.001" classname="lcs.CourseCgidDate"/>
  <testcase name="test" time="0.000" classname="lcs.CourseCgidDate"/>
  <testcase name="test" time="0.001" classname="lcs.CourseCgidDate"/>
  <testcase name="test" time="0.001" classname="lcs.CourseCgidDate"/>
  <testcase name="test" time="0.002" classname="lcs.CourseCgidDate"/>
  <testcase name="test" time="0.001" classname="lcs.CourseCgidDate"/>
  <testcase name="test" time="0.000" classname="lcs.CourseCgidDate"/>
  <testcase name="test" time="0.001" classname="lcs.CourseCgidDate"/>
  <testcase name="test" time="0.001" classname="lcs.CourseCgidDate"/>
  <testcase name="test" time="0.060" classname="lcs.CourseCgidDate"/>
  <testcase name="test" time="0.011" classname="lcs.CourseCgidDate"/>
  <testcase name="test" time="0.001" classname="lcs.CourseCgidDate"/>
  <testcase name="test" time="0.001" classname="lcs.CourseCgidDate"/>
  <testcase name="test" time="0.001" classname="lcs.CourseCgidDate"/>
  <testcase name="test" time="0.001" classname="lcs.CourseCgidDate"/>
  <testcase name="test" time="0.002" classname="lcs.CourseCgidDate"/>
  <testcase name="test" time="0.001" classname="lcs.CourseCgidDate"/>
  <testcase name="test" time="0.001" classname="lcs.CourseCgidDate"/>
  <testcase name="test" time="0.003" classname="lcs.CourseCgidDate"/>
  <testcase name="test" time="0.001" classname="lcs.CourseCgidDate"/>
  <testcase name="test" time="0.004" classname="lcs.CourseCgidDate"/>
  <testcase name="test" time="0.001" classname="lcs.CourseCgidDate"/>
  <testcase name="test" time="0.001" classname="lcs.CourseCgidDate"/>
  <testcase name="test" time="0.000" classname="lcs.CourseCgidDate"/>
  <testcase name="test" time="0.002" classname="lcs.CourseCgidDate"/>
  <testcase name="test" time="0.000" classname="lcs.CourseCgidDate"/>
  <testcase name="test" time="0.001" classname="lcs.CourseCgidDate"/>
  <testcase name="test" time="0.000" classname="lcs.CourseCgidDate"/>
  <testcase name="test" time="0.001" classname="lcs.CourseCgidDate"/>
  <testcase name="test" time="0.000" classname="lcs.CourseCgidDate"/>
  <testcase name="test" time="0.000" classname="lcs.CourseCgidDate"/>
  <testcase name="test" time="0.000" classname="lcs.CourseCgidDate"/>
  <testcase name="test" time="0.000" classname="lcs.CourseCgidDate"/>
  <testcase name="test" time="0.000" classname="lcs.CourseCgidDate"/>
  <testcase name="test" time="0.001" classname="lcs.CourseCgidDate"/>
  <testcase name="test" time="0.001" classname="lcs.CourseCgidDate"/>
  <testcase name="test" time="0.001" classname="lcs.CourseCgidDate"/>
  <testcase name="test" time="0.001" classname="lcs.CourseCgidDate"/>
  <testcase name="test" time="0.001" classname="lcs.CourseCgidDate"/>
  <testcase name="test" time="0.018" classname="lcs.CourseCgidDate"/>
  <testcase name="test" time="0.001" classname="lcs.CourseCgidDate"/>
  <testcase name="test" time="0.002" classname="lcs.CourseCgidDate"/>
  <testcase name="test" time="0.008" classname="lcs.CourseCgidDate"/>
  <testcase name="test" time="0.001" classname="lcs.CourseCgidDate"/>
  <testcase name="test" time="0.001" classname="lcs.CourseCgidDate"/>
  <testcase name="test" time="0.001" classname="lcs.CourseCgidDate"/>
  <testcase name="test" time="0.001" classname="lcs.CourseCgidDate"/>
  <testcase name="test" time="0.001" classname="lcs.CourseCgidDate"/>
  <testcase name="test" time="0.002" classname="lcs.CourseCgidDate"/>
  <testcase name="test" time="0.001" classname="lcs.CourseCgidDate"/>
  <testcase name="test" time="0.001" classname="lcs.CourseCgidDate"/>
  <testcase name="test" time="0.001" classname="lcs.CourseCgidDate"/>
  <testcase name="test" time="0.001" classname="lcs.CourseCgidDate"/>
  <testcase name="test" time="0.013" classname="lcs.CourseCgidDate"/>
  <testcase name="test" time="0.002" classname="lcs.CourseCgidDate"/>
  <testcase name="test" time="0.001" classname="lcs.CourseCgidDate"/>
  <testcase name="test" time="0.001" classname="lcs.CourseCgidDate"/>
  <testcase name="test" time="0.001" classname="lcs.CourseCgidDate"/>
  <testcase name="test" time="0.002" classname="lcs.CourseCgidDate"/>
  <testcase name="test" time="0.000" classname="lcs.CourseCgidDate"/>
  <testcase name="test" time="0.001" classname="lcs.CourseCgidDate"/>
  <testcase name="test" time="0.000" classname="lcs.CourseCgidDate"/>
  <testcase name="test" time="0.003" classname="lcs.CourseCgidDate"/>
  <testcase name="test" time="0.001" classname="lcs.CourseCgidDate"/>
  <testcase name="test" time="0.000" classname="lcs.CourseCgidDate"/>
  <testcase name="test" time="0.000" classname="lcs.CourseCgidDate"/>
  <testcase name="test" time="0.001" classname="lcs.CourseCgidDate"/>
</testsuite> <!-- lcs.CourseCgidDate -->
