<?xml version="1.0" encoding="UTF-8"?>
<!-- Generated by org.testng.reporters.JUnitReportReporter -->
<testsuite name="lcs.CgidDate" tests="4" time="0.042" ignored="0" failures="0" timestamp="07 Feb 2017 09:19:13 GMT" skipped="0" hostname="Galinas-MacBook-Air.local" errors="0">
  <testcase name="test" time="0.003" classname="lcs.CgidDate"/>
  <testcase name="test" time="0.011" classname="lcs.CgidDate"/>
  <testcase name="test" time="0.012" classname="lcs.CgidDate"/>
  <testcase name="test" time="0.016" classname="lcs.CgidDate"/>
</testsuite> <!-- lcs.CgidDate -->
