<?xml version="1.0" encoding="UTF-8"?>
<!-- Generated by org.testng.reporters.JUnitReportReporter -->
<testsuite name="sqlrest.PostTest" tests="8" time="4.303" ignored="2" failures="0" timestamp="02 Apr 2017 10:15:27 GMT" skipped="0" hostname="Galinas-MacBook-Air.local" errors="0">
  <testcase name="updateProductPrice" time="0.078" classname="sqlrest.PostTest"/>
  <testcase name="createProduct" time="3.075" classname="sqlrest.PostTest"/>
  <testcase name="createProduct" time="0.101" classname="sqlrest.PostTest"/>
  <testcase name="updateProductPrice" time="0.741" classname="sqlrest.PostTest"/>
  <testcase name="updateProductPrice" time="0.041" classname="sqlrest.PostTest"/>
  <testcase name="createProduct" time="0.113" classname="sqlrest.PostTest"/>
  <testcase name="updateProductPrice" time="0.061" classname="sqlrest.PostTest"/>
  <testcase name="createProduct" time="0.093" classname="sqlrest.PostTest"/>
  <testcase name="checkProductList" classname="sqlrest.GetTest">
    <skipped/>
  </testcase> <!-- checkProductList -->
  <testcase name="checkProductExists" classname="sqlrest.GetTest">
    <skipped/>
  </testcase> <!-- checkProductExists -->
</testsuite> <!-- sqlrest.PostTest -->
