<?xml version="1.0" encoding="UTF-8"?>
<!-- Generated by org.testng.reporters.JUnitReportReporter -->
<testsuite name="jiratax.JiraGET" tests="4" time="0.085" ignored="0" failures="0" timestamp="05 Feb 2017 04:00:26 GMT" skipped="0" hostname="Galinas-MacBook-Air.local" errors="0">
  <testcase name="test" time="0.021" classname="jiratax.JiraGET"/>
  <testcase name="test" time="0.038" classname="jiratax.JiraGET"/>
  <testcase name="test" time="0.006" classname="jiratax.JiraGET"/>
  <testcase name="test" time="0.020" classname="jiratax.JiraGET"/>
</testsuite> <!-- jiratax.JiraGET -->
