<?xml version="1.0" encoding="UTF-8"?>
<!-- Generated by org.testng.reporters.JUnitReportReporter -->
<testsuite name="sqlrest.GetTest" tests="5" time="4.208" ignored="1" failures="0" timestamp="02 Apr 2017 11:43:11 GMT" skipped="0" hostname="Galinas-MacBook-Air.local" errors="0">
  <testcase name="checkProductList" time="0.908" classname="sqlrest.GetTest"/>
  <testcase name="checkProductDoesNotExists" time="2.251" classname="sqlrest.GetTest"/>
  <testcase name="checkProductDoesNotExists" time="0.822" classname="sqlrest.GetTest"/>
  <testcase name="checkProductDoesNotExists" time="0.109" classname="sqlrest.GetTest"/>
  <testcase name="checkProductDoesNotExists" time="0.118" classname="sqlrest.GetTest"/>
  <testcase name="checkProductExists" classname="sqlrest.GetTest">
    <skipped/>
  </testcase> <!-- checkProductExists -->
</testsuite> <!-- sqlrest.GetTest -->
