<?xml version="1.0" encoding="UTF-8"?>
<!-- Generated by org.testng.reporters.JUnitReportReporter -->
<testsuite name="sqlrest.PutTest" tests="4" time="2.565" ignored="3" failures="0" timestamp="02 Apr 2017 09:50:03 GMT" skipped="0" hostname="Galinas-MacBook-Air.local" errors="0">
  <testcase name="createProductWithPUT" time="0.083" classname="sqlrest.PutTest"/>
  <testcase name="createProductWithPUT" time="2.287" classname="sqlrest.PutTest"/>
  <testcase name="createProductWithPUT" time="0.111" classname="sqlrest.PutTest"/>
  <testcase name="createProductWithPUT" time="0.084" classname="sqlrest.PutTest"/>
  <testcase name="checkProductList" classname="sqlrest.GetTest">
    <skipped/>
  </testcase> <!-- checkProductList -->
  <testcase name="checkProductExists" classname="sqlrest.GetTest">
    <skipped/>
  </testcase> <!-- checkProductExists -->
  <testcase name="createProduct" classname="sqlrest.PostTest">
    <skipped/>
  </testcase> <!-- createProduct -->
</testsuite> <!-- sqlrest.PutTest -->
