<?xml version="1.0" encoding="UTF-8"?>
<!-- Generated by org.testng.reporters.JUnitReportReporter -->
<testsuite name="lcs.TEST_GET_CopyCars" tests="1" time="2.345" ignored="0" failures="0" timestamp="01 Mar 2017 05:00:50 GMT" skipped="0" hostname="Galinas-MacBook-Air.local" errors="0">
  <testcase name="copyCars" time="2.345" classname="lcs.TEST_GET_CopyCars"/>
</testsuite> <!-- lcs.TEST_GET_CopyCars -->
