<?xml version="1.0" encoding="UTF-8"?>
<!-- Generated by org.testng.reporters.JUnitReportReporter -->
<testsuite name="lcs.CarsCgidDate" tests="173" time="0.423" ignored="0" failures="0" timestamp="21 Feb 2017 19:09:53 GMT" skipped="0" hostname="Galinas-MacBook-Air.local" errors="0">
  <testcase name="test" time="0.001" classname="lcs.CarsCgidDate"/>
  <testcase name="test" time="0.001" classname="lcs.CarsCgidDate"/>
  <testcase name="test" time="0.001" classname="lcs.CarsCgidDate"/>
  <testcase name="test" time="0.003" classname="lcs.CarsCgidDate"/>
  <testcase name="test" time="0.001" classname="lcs.CarsCgidDate"/>
  <testcase name="test" time="0.001" classname="lcs.CarsCgidDate"/>
  <testcase name="test" time="0.002" classname="lcs.CarsCgidDate"/>
  <testcase name="test" time="0.000" classname="lcs.CarsCgidDate"/>
  <testcase name="test" time="0.001" classname="lcs.CarsCgidDate"/>
  <testcase name="test" time="0.010" classname="lcs.CarsCgidDate"/>
  <testcase name="test" time="0.001" classname="lcs.CarsCgidDate"/>
  <testcase name="test" time="0.004" classname="lcs.CarsCgidDate"/>
  <testcase name="test" time="0.007" classname="lcs.CarsCgidDate"/>
  <testcase name="test" time="0.000" classname="lcs.CarsCgidDate"/>
  <testcase name="test" time="0.001" classname="lcs.CarsCgidDate"/>
  <testcase name="test" time="0.001" classname="lcs.CarsCgidDate"/>
  <testcase name="test" time="0.001" classname="lcs.CarsCgidDate"/>
  <testcase name="test" time="0.002" classname="lcs.CarsCgidDate"/>
  <testcase name="test" time="0.001" classname="lcs.CarsCgidDate"/>
  <testcase name="test" time="0.000" classname="lcs.CarsCgidDate"/>
  <testcase name="test" time="0.002" classname="lcs.CarsCgidDate"/>
  <testcase name="test" time="0.000" classname="lcs.CarsCgidDate"/>
  <testcase name="test" time="0.001" classname="lcs.CarsCgidDate"/>
  <testcase name="test" time="0.001" classname="lcs.CarsCgidDate"/>
  <testcase name="test" time="0.005" classname="lcs.CarsCgidDate"/>
  <testcase name="test" time="0.000" classname="lcs.CarsCgidDate"/>
  <testcase name="test" time="0.004" classname="lcs.CarsCgidDate"/>
  <testcase name="test" time="0.001" classname="lcs.CarsCgidDate"/>
  <testcase name="test" time="0.003" classname="lcs.CarsCgidDate"/>
  <testcase name="test" time="0.006" classname="lcs.CarsCgidDate"/>
  <testcase name="test" time="0.001" classname="lcs.CarsCgidDate"/>
  <testcase name="test" time="0.000" classname="lcs.CarsCgidDate"/>
  <testcase name="test" time="0.001" classname="lcs.CarsCgidDate"/>
  <testcase name="test" time="0.037" classname="lcs.CarsCgidDate"/>
  <testcase name="test" time="0.001" classname="lcs.CarsCgidDate"/>
  <testcase name="test" time="0.015" classname="lcs.CarsCgidDate"/>
  <testcase name="test" time="0.001" classname="lcs.CarsCgidDate"/>
  <testcase name="test" time="0.002" classname="lcs.CarsCgidDate"/>
  <testcase name="test" time="0.001" classname="lcs.CarsCgidDate"/>
  <testcase name="test" time="0.001" classname="lcs.CarsCgidDate"/>
  <testcase name="test" time="0.000" classname="lcs.CarsCgidDate"/>
  <testcase name="test" time="0.000" classname="lcs.CarsCgidDate"/>
  <testcase name="test" time="0.001" classname="lcs.CarsCgidDate"/>
  <testcase name="test" time="0.002" classname="lcs.CarsCgidDate"/>
  <testcase name="test" time="0.001" classname="lcs.CarsCgidDate"/>
  <testcase name="test" time="0.001" classname="lcs.CarsCgidDate"/>
  <testcase name="test" time="0.002" classname="lcs.CarsCgidDate"/>
  <testcase name="test" time="0.001" classname="lcs.CarsCgidDate"/>
  <testcase name="test" time="0.004" classname="lcs.CarsCgidDate"/>
  <testcase name="test" time="0.001" classname="lcs.CarsCgidDate"/>
  <testcase name="test" time="0.002" classname="lcs.CarsCgidDate"/>
  <testcase name="test" time="0.001" classname="lcs.CarsCgidDate"/>
  <testcase name="test" time="0.001" classname="lcs.CarsCgidDate"/>
  <testcase name="test" time="0.001" classname="lcs.CarsCgidDate"/>
  <testcase name="test" time="0.002" classname="lcs.CarsCgidDate"/>
  <testcase name="test" time="0.001" classname="lcs.CarsCgidDate"/>
  <testcase name="test" time="0.000" classname="lcs.CarsCgidDate"/>
  <testcase name="test" time="0.000" classname="lcs.CarsCgidDate"/>
  <testcase name="test" time="0.006" classname="lcs.CarsCgidDate"/>
  <testcase name="test" time="0.001" classname="lcs.CarsCgidDate"/>
  <testcase name="test" time="0.001" classname="lcs.CarsCgidDate"/>
  <testcase name="test" time="0.008" classname="lcs.CarsCgidDate"/>
  <testcase name="test" time="0.002" classname="lcs.CarsCgidDate"/>
  <testcase name="test" time="0.002" classname="lcs.CarsCgidDate"/>
  <testcase name="test" time="0.001" classname="lcs.CarsCgidDate"/>
  <testcase name="test" time="0.000" classname="lcs.CarsCgidDate"/>
  <testcase name="test" time="0.000" classname="lcs.CarsCgidDate"/>
  <testcase name="test" time="0.001" classname="lcs.CarsCgidDate"/>
  <testcase name="test" time="0.003" classname="lcs.CarsCgidDate"/>
  <testcase name="test" time="0.013" classname="lcs.CarsCgidDate"/>
  <testcase name="test" time="0.001" classname="lcs.CarsCgidDate"/>
  <testcase name="test" time="0.001" classname="lcs.CarsCgidDate"/>
  <testcase name="test" time="0.002" classname="lcs.CarsCgidDate"/>
  <testcase name="test" time="0.002" classname="lcs.CarsCgidDate"/>
  <testcase name="test" time="0.001" classname="lcs.CarsCgidDate"/>
  <testcase name="test" time="0.001" classname="lcs.CarsCgidDate"/>
  <testcase name="test" time="0.002" classname="lcs.CarsCgidDate"/>
  <testcase name="test" time="0.001" classname="lcs.CarsCgidDate"/>
  <testcase name="test" time="0.004" classname="lcs.CarsCgidDate"/>
  <testcase name="test" time="0.001" classname="lcs.CarsCgidDate"/>
  <testcase name="test" time="0.001" classname="lcs.CarsCgidDate"/>
  <testcase name="test" time="0.001" classname="lcs.CarsCgidDate"/>
  <testcase name="test" time="0.000" classname="lcs.CarsCgidDate"/>
  <testcase name="test" time="0.001" classname="lcs.CarsCgidDate"/>
  <testcase name="test" time="0.000" classname="lcs.CarsCgidDate"/>
  <testcase name="test" time="0.001" classname="lcs.CarsCgidDate"/>
  <testcase name="test" time="0.001" classname="lcs.CarsCgidDate"/>
  <testcase name="test" time="0.001" classname="lcs.CarsCgidDate"/>
  <testcase name="test" time="0.002" classname="lcs.CarsCgidDate"/>
  <testcase name="test" time="0.001" classname="lcs.CarsCgidDate"/>
  <testcase name="test" time="0.000" classname="lcs.CarsCgidDate"/>
  <testcase name="test" time="0.001" classname="lcs.CarsCgidDate"/>
  <testcase name="test" time="0.002" classname="lcs.CarsCgidDate"/>
  <testcase name="test" time="0.001" classname="lcs.CarsCgidDate"/>
  <testcase name="test" time="0.021" classname="lcs.CarsCgidDate"/>
  <testcase name="test" time="0.001" classname="lcs.CarsCgidDate"/>
  <testcase name="test" time="0.001" classname="lcs.CarsCgidDate"/>
  <testcase name="test" time="0.000" classname="lcs.CarsCgidDate"/>
  <testcase name="test" time="0.004" classname="lcs.CarsCgidDate"/>
  <testcase name="test" time="0.001" classname="lcs.CarsCgidDate"/>
  <testcase name="test" time="0.003" classname="lcs.CarsCgidDate"/>
  <testcase name="test" time="0.001" classname="lcs.CarsCgidDate"/>
  <testcase name="test" time="0.001" classname="lcs.CarsCgidDate"/>
  <testcase name="test" time="0.003" classname="lcs.CarsCgidDate"/>
  <testcase name="test" time="0.002" classname="lcs.CarsCgidDate"/>
  <testcase name="test" time="0.000" classname="lcs.CarsCgidDate"/>
  <testcase name="test" time="0.000" classname="lcs.CarsCgidDate"/>
  <testcase name="test" time="0.005" classname="lcs.CarsCgidDate"/>
  <testcase name="test" time="0.000" classname="lcs.CarsCgidDate"/>
  <testcase name="test" time="0.001" classname="lcs.CarsCgidDate"/>
  <testcase name="test" time="0.010" classname="lcs.CarsCgidDate"/>
  <testcase name="test" time="0.001" classname="lcs.CarsCgidDate"/>
  <testcase name="test" time="0.001" classname="lcs.CarsCgidDate"/>
  <testcase name="test" time="0.001" classname="lcs.CarsCgidDate"/>
  <testcase name="test" time="0.002" classname="lcs.CarsCgidDate"/>
  <testcase name="test" time="0.005" classname="lcs.CarsCgidDate"/>
  <testcase name="test" time="0.000" classname="lcs.CarsCgidDate"/>
  <testcase name="test" time="0.003" classname="lcs.CarsCgidDate"/>
  <testcase name="test" time="0.006" classname="lcs.CarsCgidDate"/>
  <testcase name="test" time="0.001" classname="lcs.CarsCgidDate"/>
  <testcase name="test" time="0.001" classname="lcs.CarsCgidDate"/>
  <testcase name="test" time="0.001" classname="lcs.CarsCgidDate"/>
  <testcase name="test" time="0.000" classname="lcs.CarsCgidDate"/>
  <testcase name="test" time="0.077" classname="lcs.CarsCgidDate"/>
  <testcase name="test" time="0.002" classname="lcs.CarsCgidDate"/>
  <testcase name="test" time="0.001" classname="lcs.CarsCgidDate"/>
  <testcase name="test" time="0.000" classname="lcs.CarsCgidDate"/>
  <testcase name="test" time="0.002" classname="lcs.CarsCgidDate"/>
  <testcase name="test" time="0.004" classname="lcs.CarsCgidDate"/>
  <testcase name="test" time="0.001" classname="lcs.CarsCgidDate"/>
  <testcase name="test" time="0.000" classname="lcs.CarsCgidDate"/>
  <testcase name="test" time="0.000" classname="lcs.CarsCgidDate"/>
  <testcase name="test" time="0.001" classname="lcs.CarsCgidDate"/>
  <testcase name="test" time="0.000" classname="lcs.CarsCgidDate"/>
  <testcase name="test" time="0.001" classname="lcs.CarsCgidDate"/>
  <testcase name="test" time="0.001" classname="lcs.CarsCgidDate"/>
  <testcase name="test" time="0.001" classname="lcs.CarsCgidDate"/>
  <testcase name="test" time="0.002" classname="lcs.CarsCgidDate"/>
  <testcase name="test" time="0.001" classname="lcs.CarsCgidDate"/>
  <testcase name="test" time="0.001" classname="lcs.CarsCgidDate"/>
  <testcase name="test" time="0.003" classname="lcs.CarsCgidDate"/>
  <testcase name="test" time="0.004" classname="lcs.CarsCgidDate"/>
  <testcase name="test" time="0.004" classname="lcs.CarsCgidDate"/>
  <testcase name="test" time="0.001" classname="lcs.CarsCgidDate"/>
  <testcase name="test" time="0.000" classname="lcs.CarsCgidDate"/>
  <testcase name="test" time="0.001" classname="lcs.CarsCgidDate"/>
  <testcase name="test" time="0.001" classname="lcs.CarsCgidDate"/>
  <testcase name="test" time="0.000" classname="lcs.CarsCgidDate"/>
  <testcase name="test" time="0.001" classname="lcs.CarsCgidDate"/>
  <testcase name="test" time="0.001" classname="lcs.CarsCgidDate"/>
  <testcase name="test" time="0.000" classname="lcs.CarsCgidDate"/>
  <testcase name="test" time="0.001" classname="lcs.CarsCgidDate"/>
  <testcase name="test" time="0.003" classname="lcs.CarsCgidDate"/>
  <testcase name="test" time="0.001" classname="lcs.CarsCgidDate"/>
  <testcase name="test" time="0.002" classname="lcs.CarsCgidDate"/>
  <testcase name="test" time="0.001" classname="lcs.CarsCgidDate"/>
  <testcase name="test" time="0.002" classname="lcs.CarsCgidDate"/>
  <testcase name="test" time="0.001" classname="lcs.CarsCgidDate"/>
  <testcase name="test" time="0.001" classname="lcs.CarsCgidDate"/>
  <testcase name="test" time="0.000" classname="lcs.CarsCgidDate"/>
  <testcase name="test" time="0.001" classname="lcs.CarsCgidDate"/>
  <testcase name="test" time="0.001" classname="lcs.CarsCgidDate"/>
  <testcase name="test" time="0.003" classname="lcs.CarsCgidDate"/>
  <testcase name="test" time="0.000" classname="lcs.CarsCgidDate"/>
  <testcase name="test" time="0.001" classname="lcs.CarsCgidDate"/>
  <testcase name="test" time="0.000" classname="lcs.CarsCgidDate"/>
  <testcase name="test" time="0.002" classname="lcs.CarsCgidDate"/>
  <testcase name="test" time="0.001" classname="lcs.CarsCgidDate"/>
  <testcase name="test" time="0.001" classname="lcs.CarsCgidDate"/>
  <testcase name="test" time="0.001" classname="lcs.CarsCgidDate"/>
  <testcase name="test" time="0.001" classname="lcs.CarsCgidDate"/>
  <testcase name="test" time="0.001" classname="lcs.CarsCgidDate"/>
  <testcase name="test" time="0.001" classname="lcs.CarsCgidDate"/>
</testsuite> <!-- lcs.CarsCgidDate -->
