<?xml version="1.0" encoding="UTF-8"?>
<!-- Generated by org.testng.reporters.JUnitReportReporter -->
<testsuite name="sqlrest.DeleteTest" tests="4" time="1.257" ignored="2" failures="0" timestamp="02 Apr 2017 10:15:32 GMT" skipped="0" hostname="Galinas-MacBook-Air.local" errors="0">
  <testcase name="deleteProduct" time="0.909" classname="sqlrest.DeleteTest"/>
  <testcase name="deleteProduct" time="0.143" classname="sqlrest.DeleteTest"/>
  <testcase name="deleteProduct" time="0.100" classname="sqlrest.DeleteTest"/>
  <testcase name="deleteProduct" time="0.105" classname="sqlrest.DeleteTest"/>
  <testcase name="checkProductList" classname="sqlrest.GetTest">
    <skipped/>
  </testcase> <!-- checkProductList -->
  <testcase name="checkProductExists" classname="sqlrest.GetTest">
    <skipped/>
  </testcase> <!-- checkProductExists -->
</testsuite> <!-- sqlrest.DeleteTest -->
